
The following have been reloaded with a version change:
  1) tools/prod => tools/dev

/rds/general/user/lrh24/home/thesis/code/data_preprocessing/data_loading.py:70: DtypeWarning: Columns (37,38) have mixed types. Specify dtype option on import or set low_memory=False.
  reports_df = _pd.concat([_pd.read_csv(fp) for fp in csvs_reports], ignore_index=True)
/rds/general/user/lrh24/home/thesis/code/data_preprocessing/data_loading.py:70: DtypeWarning: Columns (36,37,42,43) have mixed types. Specify dtype option on import or set low_memory=False.
  reports_df = _pd.concat([_pd.read_csv(fp) for fp in csvs_reports], ignore_index=True)
/rds/general/user/lrh24/home/thesis/code/data_preprocessing/data_loading.py:70: DtypeWarning: Columns (37,38) have mixed types. Specify dtype option on import or set low_memory=False.
  reports_df = _pd.concat([_pd.read_csv(fp) for fp in csvs_reports], ignore_index=True)
/rds/general/user/lrh24/home/thesis/code/data_preprocessing/data_loading.py:70: DtypeWarning: Columns (36,37,42,43) have mixed types. Specify dtype option on import or set low_memory=False.
  reports_df = _pd.concat([_pd.read_csv(fp) for fp in csvs_reports], ignore_index=True)
/rds/general/user/lrh24/home/thesis/code/data_preprocessing/data_loading.py:70: DtypeWarning: Columns (37,38) have mixed types. Specify dtype option on import or set low_memory=False.
  reports_df = _pd.concat([_pd.read_csv(fp) for fp in csvs_reports], ignore_index=True)
/rds/general/user/lrh24/home/thesis/code/data_preprocessing/data_loading.py:70: DtypeWarning: Columns (36,37,42,43) have mixed types. Specify dtype option on import or set low_memory=False.
  reports_df = _pd.concat([_pd.read_csv(fp) for fp in csvs_reports], ignore_index=True)
/rds/general/user/lrh24/home/thesis/code/data_preprocessing/data_loading.py:70: DtypeWarning: Columns (37,38) have mixed types. Specify dtype option on import or set low_memory=False.
  reports_df = _pd.concat([_pd.read_csv(fp) for fp in csvs_reports], ignore_index=True)
/rds/general/user/lrh24/home/thesis/code/data_preprocessing/data_loading.py:70: DtypeWarning: Columns (36,37,42,43) have mixed types. Specify dtype option on import or set low_memory=False.
  reports_df = _pd.concat([_pd.read_csv(fp) for fp in csvs_reports], ignore_index=True)
/rds/general/user/lrh24/home/thesis/code/data_preprocessing/data_loading.py:70: DtypeWarning: Columns (37,38) have mixed types. Specify dtype option on import or set low_memory=False.
  reports_df = _pd.concat([_pd.read_csv(fp) for fp in csvs_reports], ignore_index=True)
/rds/general/user/lrh24/home/thesis/code/data_preprocessing/data_loading.py:70: DtypeWarning: Columns (36,37,42,43) have mixed types. Specify dtype option on import or set low_memory=False.
  reports_df = _pd.concat([_pd.read_csv(fp) for fp in csvs_reports], ignore_index=True)
Traceback (most recent call last):
  File "/rds/general/user/lrh24/home/thesis/code/main.py", line 254, in <module>
    main()
    ~~~~^^
  File "/rds/general/user/lrh24/home/thesis/code/main.py", line 121, in main
    e_latent_features = extractor.extract_latent_features(
        e_data,
    ...<2 lines>...
        method=method,
    )
  File "/rds/general/user/lrh24/home/thesis/code/latent_extraction/extractor.py", line 33, in extract_latent_features
    latent_feature = fit_ctm_from_raw(x, as_vector=True)
  File "/rds/general/user/lrh24/home/thesis/code/latent_extraction/cortico_thalamic.py", line 331, in fit_ctm_from_raw
    freqs, psd = compute_psd(
                 ~~~~~~~~~~~^
        raw,
        ^^^^
        channel=channel,
        ^^^^^^^^^^^^^^^^
        n_fft=n_fft,
        ^^^^^^^^^^^^
    )
    ^
  File "/rds/general/user/lrh24/home/thesis/code/latent_extraction/cortico_thalamic.py", line 140, in compute_psd
    psds = spectrum.get_data()           # shape (n_sensors, n_freqs)
  File "/rds/general/user/lrh24/home/env_thesis/lib/python3.13/site-packages/mne/time_frequency/spectrum.py", line 549, in get_data
    picks = _picks_to_idx(
        self.info, picks, "data_or_ica", exclude=exclude, with_ref_meg=False
    )
  File "/rds/general/user/lrh24/home/env_thesis/lib/python3.13/site-packages/mne/_fiff/pick.py", line 1252, in _picks_to_idx
    picks = _picks_str_to_idx(
        info,
    ...<6 lines>...
        orig_picks,
    )
  File "/rds/general/user/lrh24/home/env_thesis/lib/python3.13/site-packages/mne/_fiff/pick.py", line 1323, in _picks_str_to_idx
    raise ValueError(
    ...<2 lines>...
    )
ValueError: picks (NoneNone, treated as "data_or_ica") yielded no channels, consider passing picks explicitly
⚠️  Pipeline failed for bids_age_500_clean_ctm.yaml; aborting.
