Using encoderL
Using encoderL
Using encoderL
Using encoderL
Using encoderL
Using encoderL
Using encoderL
Using encoderL
Using encoderL
Using encoderL
Using encoderL

========== Optuna finished ==========
Best trial:
  Value (accuracy): 0.7556
  Params:
    init_lr: 0.00017955694586694763
    weight_decay: 0.0003112023501331256
    lr_min: 1.1717950655956263e-06
    d_model: 384
    n_head: 8
    batch_size: 32

Retrained best model val_acc=0.7417
Best model saved to: ../weights/encoderL+transformer/newoptuna_best.pth
Best params saved to: ../weights/encoderL+transformer/newoptuna_best_params.json
Best config saved to: ../weights/encoderL+transformer/newoptuna_best_config.yaml

