2025-07-26 18:37:23,657 [INFO] Pre-loading 2717 segments into memory …
2025-07-26 18:37:58,597 [INFO] Done pre-loading dataset into RAM.
2025-07-26 18:37:58,603 [INFO] Pre-loading 276 segments into memory …
2025-07-26 18:38:02,035 [INFO] Done pre-loading dataset into RAM.
2025-07-26 18:38:02,281 [INFO] Parameters initialised.
2025-07-26 18:38:55,114 [INFO] Epoch 1/50 | Train Loss 0.9723 | Train Acc 0.5064 | Val Acc 0.5543 (153/276)
2025-07-26 18:39:08,812 [INFO] Epoch 2/50 | Train Loss 0.7904 | Train Acc 0.5867 | Val Acc 0.6087 (168/276)
2025-07-26 18:39:22,256 [INFO] Epoch 3/50 | Train Loss 0.6955 | Train Acc 0.6592 | Val Acc 0.6304 (174/276)
2025-07-26 18:39:35,735 [INFO] Epoch 4/50 | Train Loss 0.5491 | Train Acc 0.7622 | Val Acc 0.6848 (189/276)
2025-07-26 18:39:49,077 [INFO] Epoch 5/50 | Train Loss 0.4606 | Train Acc 0.8300 | Val Acc 0.6703 (185/276)
2025-07-26 18:40:02,544 [INFO] Epoch 6/50 | Train Loss 0.3965 | Train Acc 0.8811 | Val Acc 0.6739 (186/276)
2025-07-26 18:40:15,831 [INFO] Epoch 7/50 | Train Loss 0.3285 | Train Acc 0.9282 | Val Acc 0.6920 (191/276)
2025-07-26 18:40:29,281 [INFO] Epoch 8/50 | Train Loss 0.3064 | Train Acc 0.9499 | Val Acc 0.6812 (188/276)
2025-07-26 18:40:42,281 [INFO] Epoch 9/50 | Train Loss 0.2924 | Train Acc 0.9558 | Val Acc 0.6449 (178/276)
2025-07-26 18:40:55,478 [INFO] Epoch 10/50 | Train Loss 0.2818 | Train Acc 0.9691 | Val Acc 0.6703 (185/276)
2025-07-26 18:41:08,668 [INFO] Epoch 11/50 | Train Loss 0.2754 | Train Acc 0.9750 | Val Acc 0.6630 (183/276)
2025-07-26 18:41:22,089 [INFO] Epoch 12/50 | Train Loss 0.2764 | Train Acc 0.9761 | Val Acc 0.6630 (183/276)
2025-07-26 18:41:35,390 [INFO] Epoch 13/50 | Train Loss 0.2746 | Train Acc 0.9775 | Val Acc 0.6522 (180/276)
2025-07-26 18:41:48,587 [INFO] Epoch 14/50 | Train Loss 0.2692 | Train Acc 0.9790 | Val Acc 0.6449 (178/276)
2025-07-26 18:42:02,330 [INFO] Epoch 15/50 | Train Loss 0.2679 | Train Acc 0.9838 | Val Acc 0.6594 (182/276)
2025-07-26 18:42:15,511 [INFO] Epoch 16/50 | Train Loss 0.2683 | Train Acc 0.9812 | Val Acc 0.6522 (180/276)
2025-07-26 18:42:28,802 [INFO] Epoch 17/50 | Train Loss 0.2769 | Train Acc 0.9757 | Val Acc 0.6594 (182/276)
2025-07-26 18:42:42,162 [INFO] Epoch 18/50 | Train Loss 0.2741 | Train Acc 0.9801 | Val Acc 0.6957 (192/276)
2025-07-26 18:42:55,436 [INFO] Epoch 19/50 | Train Loss 0.2705 | Train Acc 0.9820 | Val Acc 0.6920 (191/276)
2025-07-26 18:43:08,263 [INFO] Epoch 20/50 | Train Loss 0.2691 | Train Acc 0.9823 | Val Acc 0.6594 (182/276)
2025-07-26 18:43:21,770 [INFO] Epoch 21/50 | Train Loss 0.2689 | Train Acc 0.9801 | Val Acc 0.6703 (185/276)
2025-07-26 18:43:35,010 [INFO] Epoch 22/50 | Train Loss 0.2661 | Train Acc 0.9823 | Val Acc 0.6812 (188/276)
2025-07-26 18:43:48,501 [INFO] Epoch 23/50 | Train Loss 0.2613 | Train Acc 0.9864 | Val Acc 0.6630 (183/276)
2025-07-26 18:44:02,319 [INFO] Epoch 24/50 | Train Loss 0.2642 | Train Acc 0.9849 | Val Acc 0.6920 (191/276)
2025-07-26 18:44:15,843 [INFO] Epoch 25/50 | Train Loss 0.2614 | Train Acc 0.9856 | Val Acc 0.6739 (186/276)
2025-07-26 18:44:29,187 [INFO] Epoch 26/50 | Train Loss 0.2603 | Train Acc 0.9856 | Val Acc 0.6957 (192/276)
2025-07-26 18:44:42,542 [INFO] Epoch 27/50 | Train Loss 0.2606 | Train Acc 0.9838 | Val Acc 0.6667 (184/276)
2025-07-26 18:44:56,184 [INFO] Epoch 28/50 | Train Loss 0.2591 | Train Acc 0.9853 | Val Acc 0.6812 (188/276)
2025-07-26 18:45:09,330 [INFO] Epoch 29/50 | Train Loss 0.2524 | Train Acc 0.9908 | Val Acc 0.6920 (191/276)
2025-07-26 18:45:22,685 [INFO] Epoch 30/50 | Train Loss 0.2527 | Train Acc 0.9908 | Val Acc 0.7138 (197/276)
2025-07-26 18:45:36,184 [INFO] Epoch 31/50 | Train Loss 0.2505 | Train Acc 0.9904 | Val Acc 0.7246 (200/276)
2025-07-26 18:45:49,823 [INFO] Epoch 32/50 | Train Loss 0.2504 | Train Acc 0.9901 | Val Acc 0.7029 (194/276)
2025-07-26 18:46:02,980 [INFO] Epoch 33/50 | Train Loss 0.2476 | Train Acc 0.9937 | Val Acc 0.6920 (191/276)
2025-07-26 18:46:16,013 [INFO] Epoch 34/50 | Train Loss 0.2507 | Train Acc 0.9901 | Val Acc 0.6703 (185/276)
2025-07-26 18:46:28,725 [INFO] Epoch 35/50 | Train Loss 0.2453 | Train Acc 0.9948 | Val Acc 0.6522 (180/276)
2025-07-26 18:46:41,632 [INFO] Epoch 36/50 | Train Loss 0.2458 | Train Acc 0.9923 | Val Acc 0.6812 (188/276)
2025-07-26 18:46:54,797 [INFO] Epoch 37/50 | Train Loss 0.2421 | Train Acc 0.9963 | Val Acc 0.6884 (190/276)
2025-07-26 18:47:08,195 [INFO] Epoch 38/50 | Train Loss 0.2431 | Train Acc 0.9945 | Val Acc 0.6775 (187/276)
2025-07-26 18:47:21,537 [INFO] Epoch 39/50 | Train Loss 0.2392 | Train Acc 0.9956 | Val Acc 0.6812 (188/276)
2025-07-26 18:47:34,958 [INFO] Epoch 40/50 | Train Loss 0.2378 | Train Acc 0.9971 | Val Acc 0.7065 (195/276)
2025-07-26 18:47:48,424 [INFO] Epoch 41/50 | Train Loss 0.2389 | Train Acc 0.9930 | Val Acc 0.6884 (190/276)
2025-07-26 18:48:01,404 [INFO] Epoch 42/50 | Train Loss 0.2350 | Train Acc 0.9974 | Val Acc 0.6920 (191/276)
2025-07-26 18:48:14,618 [INFO] Epoch 43/50 | Train Loss 0.2372 | Train Acc 0.9952 | Val Acc 0.6739 (186/276)
2025-07-26 18:48:28,455 [INFO] Epoch 44/50 | Train Loss 0.2345 | Train Acc 0.9982 | Val Acc 0.6703 (185/276)
2025-07-26 18:48:41,506 [INFO] Epoch 45/50 | Train Loss 0.2339 | Train Acc 0.9974 | Val Acc 0.6667 (184/276)
2025-07-26 18:48:54,924 [INFO] Epoch 46/50 | Train Loss 0.2335 | Train Acc 0.9971 | Val Acc 0.6884 (190/276)
2025-07-26 18:48:54,944 [INFO] Early stopping triggered at epoch 46 (no val improvement for 15 epochs)
2025-07-26 18:48:54,944 [INFO] Training finished in 0h 10m 28s
