2025-07-26 17:38:47,378 [INFO] Pre-loading 2717 segments into memory …
2025-07-26 17:39:22,223 [INFO] Done pre-loading dataset into RAM.
2025-07-26 17:39:22,229 [INFO] Pre-loading 276 segments into memory …
2025-07-26 17:39:25,642 [INFO] Done pre-loading dataset into RAM.
2025-07-26 17:39:25,845 [INFO] Parameters initialised.
2025-07-26 17:39:41,748 [INFO] Epoch 1/15 | Train Loss 0.8535 | Val Accuracy 0.6413 (177/276)
2025-07-26 17:39:54,848 [INFO] Epoch 2/15 | Train Loss 0.5559 | Val Accuracy 0.6558 (181/276)
2025-07-26 17:40:07,969 [INFO] Epoch 3/15 | Train Loss 0.4135 | Val Accuracy 0.6087 (168/276)
2025-07-26 17:40:21,199 [INFO] Epoch 4/15 | Train Loss 0.3966 | Val Accuracy 0.6522 (180/276)
2025-07-26 17:40:34,407 [INFO] Epoch 5/15 | Train Loss 0.2828 | Val Accuracy 0.6739 (186/276)
2025-07-26 17:40:47,701 [INFO] Epoch 6/15 | Train Loss 0.2420 | Val Accuracy 0.6522 (180/276)
2025-07-26 17:41:01,024 [INFO] Epoch 7/15 | Train Loss 0.2236 | Val Accuracy 0.6957 (192/276)
2025-07-26 17:41:14,297 [INFO] Epoch 8/15 | Train Loss 0.2148 | Val Accuracy 0.6703 (185/276)
2025-07-26 17:41:27,656 [INFO] Epoch 9/15 | Train Loss 0.2102 | Val Accuracy 0.6558 (181/276)
2025-07-26 17:41:41,045 [INFO] Epoch 10/15 | Train Loss 0.2083 | Val Accuracy 0.6667 (184/276)
2025-07-26 17:41:54,254 [INFO] Epoch 11/15 | Train Loss 0.2071 | Val Accuracy 0.6630 (183/276)
2025-07-26 17:42:07,542 [INFO] Epoch 12/15 | Train Loss 0.2062 | Val Accuracy 0.6739 (186/276)
2025-07-26 17:42:20,882 [INFO] Epoch 13/15 | Train Loss 0.2054 | Val Accuracy 0.6775 (187/276)
2025-07-26 17:42:34,235 [INFO] Epoch 14/15 | Train Loss 0.2050 | Val Accuracy 0.6775 (187/276)
2025-07-26 17:42:47,604 [INFO] Epoch 15/15 | Train Loss 0.2044 | Val Accuracy 0.6667 (184/276)
2025-07-26 17:42:47,621 [INFO] Training finished in 0h 3m 19s
