2025-07-26 20:36:14,006 [INFO] Pre-loading 2717 segments into memory …
2025-07-26 20:36:48,074 [INFO] Done pre-loading dataset into RAM.
2025-07-26 20:36:48,080 [INFO] Pre-loading 276 segments into memory …
2025-07-26 20:36:51,483 [INFO] Done pre-loading dataset into RAM.
2025-07-26 20:36:51,483 [WARNING] Debug overfit mode ENABLED: using first 128 train and 128 val samples
2025-07-26 20:36:52,150 [INFO] Parameters initialised.
2025-07-26 20:36:56,122 [INFO] Epoch 1/50 | Train Loss 0.3942 | Train Acc 0.8359 | Val Acc 1.0000 (128/128)
2025-07-26 20:36:57,725 [INFO] Epoch 2/50 | Train Loss 0.0722 | Train Acc 1.0000 | Val Acc 1.0000 (128/128)
2025-07-26 20:36:59,147 [INFO] Epoch 3/50 | Train Loss 0.1160 | Train Acc 1.0000 | Val Acc 1.0000 (128/128)
2025-07-26 20:37:00,645 [INFO] Epoch 4/50 | Train Loss 0.1508 | Train Acc 1.0000 | Val Acc 1.0000 (128/128)
2025-07-26 20:37:02,060 [INFO] Epoch 5/50 | Train Loss 0.1717 | Train Acc 1.0000 | Val Acc 1.0000 (128/128)
2025-07-26 20:37:03,528 [INFO] Epoch 6/50 | Train Loss 0.1757 | Train Acc 1.0000 | Val Acc 1.0000 (128/128)
2025-07-26 20:37:04,964 [INFO] Epoch 7/50 | Train Loss 0.1640 | Train Acc 1.0000 | Val Acc 1.0000 (128/128)
2025-07-26 20:37:06,452 [INFO] Epoch 8/50 | Train Loss 0.1425 | Train Acc 1.0000 | Val Acc 1.0000 (128/128)
2025-07-26 20:37:07,939 [INFO] Epoch 9/50 | Train Loss 0.1059 | Train Acc 1.0000 | Val Acc 1.0000 (128/128)
2025-07-26 20:37:09,363 [INFO] Epoch 10/50 | Train Loss 0.0681 | Train Acc 1.0000 | Val Acc 1.0000 (128/128)
2025-07-26 20:37:10,849 [INFO] Epoch 11/50 | Train Loss 0.0756 | Train Acc 1.0000 | Val Acc 1.0000 (128/128)
2025-07-26 20:37:12,273 [INFO] Epoch 12/50 | Train Loss 0.0655 | Train Acc 1.0000 | Val Acc 1.0000 (128/128)
2025-07-26 20:37:13,717 [INFO] Epoch 13/50 | Train Loss 0.0694 | Train Acc 1.0000 | Val Acc 1.0000 (128/128)
2025-07-26 20:37:15,140 [INFO] Epoch 14/50 | Train Loss 0.0620 | Train Acc 1.0000 | Val Acc 1.0000 (128/128)
2025-07-26 20:37:16,635 [INFO] Epoch 15/50 | Train Loss 0.0627 | Train Acc 1.0000 | Val Acc 1.0000 (128/128)
2025-07-26 20:37:18,125 [INFO] Epoch 16/50 | Train Loss 0.0595 | Train Acc 1.0000 | Val Acc 1.0000 (128/128)
2025-07-26 20:37:19,593 [INFO] Epoch 17/50 | Train Loss 0.0606 | Train Acc 1.0000 | Val Acc 1.0000 (128/128)
2025-07-26 20:37:21,055 [INFO] Epoch 18/50 | Train Loss 0.0586 | Train Acc 1.0000 | Val Acc 1.0000 (128/128)
2025-07-26 20:37:22,527 [INFO] Epoch 19/50 | Train Loss 0.0592 | Train Acc 1.0000 | Val Acc 1.0000 (128/128)
2025-07-26 20:37:23,967 [INFO] Epoch 20/50 | Train Loss 0.0589 | Train Acc 1.0000 | Val Acc 1.0000 (128/128)
