2025-07-26 19:01:41,858 [INFO] Pre-loading 2717 segments into memory …
2025-07-26 19:02:15,879 [INFO] Done pre-loading dataset into RAM.
2025-07-26 19:02:15,884 [INFO] Pre-loading 276 segments into memory …
2025-07-26 19:02:19,274 [INFO] Done pre-loading dataset into RAM.
2025-07-26 19:02:19,933 [INFO] Parameters initialised.
2025-07-26 19:02:57,549 [INFO] Epoch 1/50 | Train Loss 0.8968 | Train Acc 0.5267 | Val Acc 0.5833 (161/276)
2025-07-26 19:03:22,145 [INFO] Epoch 2/50 | Train Loss 0.7669 | Train Acc 0.5675 | Val Acc 0.4891 (135/276)
2025-07-26 19:03:47,084 [INFO] Epoch 3/50 | Train Loss 0.7082 | Train Acc 0.6025 | Val Acc 0.5870 (162/276)
2025-07-26 19:04:12,343 [INFO] Epoch 4/50 | Train Loss 0.6665 | Train Acc 0.6408 | Val Acc 0.6413 (177/276)
2025-07-26 19:04:37,453 [INFO] Epoch 5/50 | Train Loss 0.6657 | Train Acc 0.6496 | Val Acc 0.6522 (180/276)
2025-07-26 19:05:02,911 [INFO] Epoch 6/50 | Train Loss 0.6254 | Train Acc 0.6776 | Val Acc 0.6377 (176/276)
2025-07-26 19:05:27,473 [INFO] Epoch 7/50 | Train Loss 0.6225 | Train Acc 0.6780 | Val Acc 0.7391 (204/276)
2025-07-26 19:05:52,134 [INFO] Epoch 8/50 | Train Loss 0.6209 | Train Acc 0.6938 | Val Acc 0.6522 (180/276)
2025-07-26 19:06:16,277 [INFO] Epoch 9/50 | Train Loss 0.6031 | Train Acc 0.7118 | Val Acc 0.6232 (172/276)
2025-07-26 19:06:40,860 [INFO] Epoch 10/50 | Train Loss 0.5981 | Train Acc 0.7030 | Val Acc 0.7101 (196/276)
2025-07-26 19:07:06,472 [INFO] Epoch 11/50 | Train Loss 0.5551 | Train Acc 0.7600 | Val Acc 0.6884 (190/276)
2025-07-26 19:07:31,830 [INFO] Epoch 12/50 | Train Loss 0.5686 | Train Acc 0.7460 | Val Acc 0.6522 (180/276)
2025-07-26 19:07:56,561 [INFO] Epoch 13/50 | Train Loss 0.5371 | Train Acc 0.7571 | Val Acc 0.7065 (195/276)
2025-07-26 19:08:21,773 [INFO] Epoch 14/50 | Train Loss 0.5281 | Train Acc 0.7604 | Val Acc 0.6739 (186/276)
2025-07-26 19:08:46,920 [INFO] Epoch 15/50 | Train Loss 0.5254 | Train Acc 0.7810 | Val Acc 0.6739 (186/276)
2025-07-26 19:09:12,006 [INFO] Epoch 16/50 | Train Loss 0.4960 | Train Acc 0.7979 | Val Acc 0.6703 (185/276)
2025-07-26 19:09:37,397 [INFO] Epoch 17/50 | Train Loss 0.4546 | Train Acc 0.8329 | Val Acc 0.6812 (188/276)
2025-07-26 19:09:37,417 [INFO] Early stopping triggered at epoch 17 (no val improvement for 10 epochs)
2025-07-26 19:09:37,417 [INFO] Training finished in 0h 7m 8s
