2025-07-26 16:25:27,743 [INFO] Parameters initialised.
2025-07-26 16:25:33,965 [INFO] Epoch 1/15 | Batch 0/22 | Loss 0.9877
2025-07-26 16:25:46,839 [INFO] Epoch 1: SigAcc 0.5435, CaseAcc 0.5850
2025-07-26 16:25:46,969 [INFO] ✔️  New best model saved to ../weights/2507261625_encoderS+transformer_best.pth (CaseAcc=0.5850)
2025-07-26 16:25:49,694 [INFO] Epoch 2/15 | Batch 0/22 | Loss 0.7353
2025-07-26 16:26:02,477 [INFO] Epoch 2: SigAcc 0.4565, CaseAcc 0.4150
2025-07-26 16:26:05,232 [INFO] Epoch 3/15 | Batch 0/22 | Loss 0.7150
2025-07-26 16:26:18,042 [INFO] Epoch 3: SigAcc 0.5435, CaseAcc 0.5850
2025-07-26 16:26:20,570 [INFO] Epoch 4/15 | Batch 0/22 | Loss 0.7823
2025-07-26 16:26:33,374 [INFO] Epoch 4: SigAcc 0.5435, CaseAcc 0.5850
2025-07-26 16:26:35,874 [INFO] Epoch 5/15 | Batch 0/22 | Loss 0.7643
2025-07-26 16:26:48,698 [INFO] Epoch 5: SigAcc 0.5435, CaseAcc 0.5850
2025-07-26 16:26:51,199 [INFO] Epoch 6/15 | Batch 0/22 | Loss 0.7355
2025-07-26 16:27:04,000 [INFO] Epoch 6: SigAcc 0.4565, CaseAcc 0.4150
2025-07-26 16:27:06,641 [INFO] Epoch 7/15 | Batch 0/22 | Loss 0.7076
2025-07-26 16:27:19,482 [INFO] Epoch 7: SigAcc 0.4565, CaseAcc 0.4150
2025-07-26 16:27:22,248 [INFO] Epoch 8/15 | Batch 0/22 | Loss 0.7335
2025-07-26 16:27:35,066 [INFO] Epoch 8: SigAcc 0.5435, CaseAcc 0.5850
2025-07-26 16:27:37,777 [INFO] Epoch 9/15 | Batch 0/22 | Loss 0.7496
2025-07-26 16:27:50,597 [INFO] Epoch 9: SigAcc 0.4565, CaseAcc 0.4150
2025-07-26 16:27:53,328 [INFO] Epoch 10/15 | Batch 0/22 | Loss 0.7772
2025-07-26 16:28:06,231 [INFO] Epoch 10: SigAcc 0.4565, CaseAcc 0.4150
2025-07-26 16:28:08,771 [INFO] Epoch 11/15 | Batch 0/22 | Loss 0.7507
2025-07-26 16:28:21,604 [INFO] Epoch 11: SigAcc 0.4565, CaseAcc 0.4150
2025-07-26 16:28:24,285 [INFO] Epoch 12/15 | Batch 0/22 | Loss 0.7805
2025-07-26 16:28:37,107 [INFO] Epoch 12: SigAcc 0.5435, CaseAcc 0.5850
2025-07-26 16:28:39,868 [INFO] Epoch 13/15 | Batch 0/22 | Loss 0.7158
2025-07-26 16:28:52,667 [INFO] Epoch 13: SigAcc 0.5435, CaseAcc 0.5850
2025-07-26 16:28:55,395 [INFO] Epoch 14/15 | Batch 0/22 | Loss 0.7171
2025-07-26 16:29:08,227 [INFO] Epoch 14: SigAcc 0.5435, CaseAcc 0.5850
2025-07-26 16:29:10,762 [INFO] Epoch 15/15 | Batch 0/22 | Loss 0.6944
2025-07-26 16:29:23,664 [INFO] Epoch 15: SigAcc 0.5435, CaseAcc 0.5850
2025-07-26 16:29:23,682 [INFO] Training finished in 0h 3m 53s
