2025-07-26 17:42:55,277 [INFO] Pre-loading 2717 segments into memory …
2025-07-26 17:43:29,577 [INFO] Done pre-loading dataset into RAM.
2025-07-26 17:43:29,583 [INFO] Pre-loading 276 segments into memory …
2025-07-26 17:43:33,120 [INFO] Done pre-loading dataset into RAM.
2025-07-26 17:43:33,221 [INFO] Parameters initialised.
2025-07-26 17:43:44,347 [INFO] Epoch 1/15 | Train Loss 0.8739 | Val Accuracy 0.6123 (169/276)
2025-07-26 17:43:53,159 [INFO] Epoch 2/15 | Train Loss 0.5780 | Val Accuracy 0.7138 (197/276)
2025-07-26 17:44:01,891 [INFO] Epoch 3/15 | Train Loss 0.4391 | Val Accuracy 0.6703 (185/276)
2025-07-26 17:44:10,827 [INFO] Epoch 4/15 | Train Loss 0.3330 | Val Accuracy 0.6449 (178/276)
2025-07-26 17:44:19,552 [INFO] Epoch 5/15 | Train Loss 0.2735 | Val Accuracy 0.6993 (193/276)
2025-07-26 17:44:28,797 [INFO] Epoch 6/15 | Train Loss 0.2349 | Val Accuracy 0.6920 (191/276)
2025-07-26 17:44:37,776 [INFO] Epoch 7/15 | Train Loss 0.2240 | Val Accuracy 0.6775 (187/276)
2025-07-26 17:44:46,941 [INFO] Epoch 8/15 | Train Loss 0.2175 | Val Accuracy 0.6812 (188/276)
2025-07-26 17:44:55,874 [INFO] Epoch 9/15 | Train Loss 0.2136 | Val Accuracy 0.6848 (189/276)
2025-07-26 17:45:04,785 [INFO] Epoch 10/15 | Train Loss 0.2117 | Val Accuracy 0.6848 (189/276)
2025-07-26 17:45:13,559 [INFO] Epoch 11/15 | Train Loss 0.2102 | Val Accuracy 0.6993 (193/276)
2025-07-26 17:45:22,232 [INFO] Epoch 12/15 | Train Loss 0.2085 | Val Accuracy 0.6884 (190/276)
2025-07-26 17:45:31,025 [INFO] Epoch 13/15 | Train Loss 0.2079 | Val Accuracy 0.6812 (188/276)
2025-07-26 17:45:39,623 [INFO] Epoch 14/15 | Train Loss 0.2072 | Val Accuracy 0.6848 (189/276)
2025-07-26 17:45:48,067 [INFO] Epoch 15/15 | Train Loss 0.2067 | Val Accuracy 0.6848 (189/276)
2025-07-26 17:45:48,084 [INFO] Training finished in 0h 2m 12s
