INFO:__main__:lr=: 0.001
INFO:__main__:Epoch: 1, Step: 0, training Loss: 0.7536805868148804
INFO:__main__:Epoch: 1, Step: 1, training Loss: 11.620080947875977
INFO:__main__:Epoch: 1, Step: 2, training Loss: 4.847742080688477
INFO:__main__:Epoch: 1, Step: 3, training Loss: 4.602599143981934
INFO:__main__:Epoch: 1, Step: 4, training Loss: 0.7286151647567749
INFO:__main__:Epoch: 1, Step: 5, training Loss: 1.678960919380188
INFO:__main__:Epoch: 1, Step: 6, training Loss: 0.8896355628967285
INFO:__main__:Epoch: 1, Step: 7, training Loss: 0.8496179580688477
INFO:__main__:Epoch: 1, Step: 8, training Loss: 0.843779444694519
INFO:__main__:Epoch: 1, Step: 9, training Loss: 0.8187519907951355
INFO:__main__:Epoch: 1, Step: 10, training Loss: 0.730223536491394
INFO:__main__:Epoch: 1, Step: 11, training Loss: 0.7871306538581848
INFO:__main__:Epoch: 1, Step: 12, training Loss: 0.7058525085449219
INFO:__main__:Epoch: 1, Step: 13, training Loss: 0.781943678855896
INFO:__main__:Epoch: 1, Step: 14, training Loss: 0.7452806234359741
INFO:__main__:Epoch: 1, Step: 15, training Loss: 0.7171522974967957
INFO:__main__:Epoch: 1, Step: 16, training Loss: 0.8056144714355469
INFO:__main__:Epoch: 1, Step: 17, training Loss: 0.7320390939712524
INFO:__main__:Epoch: 1, Step: 18, training Loss: 0.7435082793235779
INFO:__main__:Epoch: 1, Step: 19, training Loss: 0.7496131062507629
INFO:__main__:Epoch: 1, Step: 20, training Loss: 0.7770124673843384
INFO:__main__:Epoch: 1, Step: 21, training Loss: 0.7077049016952515
INFO:__main__:Evaluating per-signal metrics...
INFO:__main__:Per-Signal Sensitivity: 0.6190, Specificity: 0.4533, Accuracy 0.5290
INFO:__main__:Evaluating per-case metrics...
INFO:__main__:Per-Case Sensitivity: 0.6140, Specificity: 0.4820, Accuracy: 0.5415
INFO:__main__:lr=: 0.0009397949325887223
INFO:__main__:Epoch: 2, Step: 22, training Loss: 0.7517843842506409
INFO:__main__:Epoch: 2, Step: 23, training Loss: 0.7414495348930359
INFO:__main__:Epoch: 2, Step: 24, training Loss: 0.7244732975959778
INFO:__main__:Epoch: 2, Step: 25, training Loss: 0.7033172845840454
INFO:__main__:Epoch: 2, Step: 26, training Loss: 0.7524275183677673
INFO:__main__:Epoch: 2, Step: 27, training Loss: 0.7808130979537964
INFO:__main__:Epoch: 2, Step: 28, training Loss: 0.7971190214157104
INFO:__main__:Epoch: 2, Step: 29, training Loss: 0.7479794025421143
INFO:__main__:Epoch: 2, Step: 30, training Loss: 0.7864056825637817
INFO:__main__:Epoch: 2, Step: 31, training Loss: 0.8078955411911011
INFO:__main__:Epoch: 2, Step: 32, training Loss: 0.7163608074188232
INFO:__main__:Epoch: 2, Step: 33, training Loss: 0.8499970436096191
INFO:__main__:Epoch: 2, Step: 34, training Loss: 0.7220091819763184
INFO:__main__:Epoch: 2, Step: 35, training Loss: 0.7283923625946045
INFO:__main__:Epoch: 2, Step: 36, training Loss: 0.7805482745170593
INFO:__main__:Epoch: 2, Step: 37, training Loss: 0.7725208401679993
INFO:__main__:Epoch: 2, Step: 38, training Loss: 0.7146555781364441
INFO:__main__:Epoch: 2, Step: 39, training Loss: 0.7601010799407959
INFO:__main__:Epoch: 2, Step: 40, training Loss: 0.7303733229637146
INFO:__main__:Epoch: 2, Step: 41, training Loss: 0.7338024973869324
INFO:__main__:Epoch: 2, Step: 42, training Loss: 0.7374869585037231
INFO:__main__:Epoch: 2, Step: 43, training Loss: 0.6739270687103271
INFO:__main__:Evaluating per-signal metrics...
INFO:__main__:Per-Signal Sensitivity: 0.4921, Specificity: 0.5267, Accuracy 0.5109
INFO:__main__:Evaluating per-case metrics...
INFO:__main__:Per-Case Sensitivity: 0.4602, Specificity: 0.5357, Accuracy: 0.5020
INFO:__main__:lr=: 0.0008791579019367991
INFO:__main__:Epoch: 3, Step: 44, training Loss: 0.7268640995025635
INFO:__main__:Epoch: 3, Step: 45, training Loss: 0.6957244277000427
INFO:__main__:Epoch: 3, Step: 46, training Loss: 0.7276378273963928
INFO:__main__:Epoch: 3, Step: 47, training Loss: 0.7419978976249695
INFO:__main__:Epoch: 3, Step: 48, training Loss: 0.7638258934020996
INFO:__main__:Epoch: 3, Step: 49, training Loss: 0.7854194641113281
INFO:__main__:Epoch: 3, Step: 50, training Loss: 0.7444146275520325
INFO:__main__:Epoch: 3, Step: 51, training Loss: 0.735085129737854
INFO:__main__:Epoch: 3, Step: 52, training Loss: 0.8378591537475586
INFO:__main__:Epoch: 3, Step: 53, training Loss: 0.8187325596809387
INFO:__main__:Epoch: 3, Step: 54, training Loss: 0.7551149129867554
INFO:__main__:Epoch: 3, Step: 55, training Loss: 0.8918644189834595
INFO:__main__:Epoch: 3, Step: 56, training Loss: 0.7539608478546143
INFO:__main__:Epoch: 3, Step: 57, training Loss: 0.8407770991325378
INFO:__main__:Epoch: 3, Step: 58, training Loss: 0.8682605028152466
INFO:__main__:Epoch: 3, Step: 59, training Loss: 0.749481737613678
INFO:__main__:Epoch: 3, Step: 60, training Loss: 0.7891066074371338
INFO:__main__:Epoch: 3, Step: 61, training Loss: 0.7041224837303162
INFO:__main__:Epoch: 3, Step: 62, training Loss: 0.684685468673706
INFO:__main__:Epoch: 3, Step: 63, training Loss: 0.6864532828330994
INFO:__main__:Epoch: 3, Step: 64, training Loss: 0.7460864186286926
INFO:__main__:Epoch: 3, Step: 65, training Loss: 0.6701978445053101
