2025-07-26 19:13:18,977 [INFO] Pre-loading 2717 segments into memory …
2025-07-26 19:13:52,667 [INFO] Done pre-loading dataset into RAM.
2025-07-26 19:13:52,673 [INFO] Pre-loading 276 segments into memory …
2025-07-26 19:13:56,037 [INFO] Done pre-loading dataset into RAM.
2025-07-26 19:13:56,692 [INFO] Parameters initialised.
2025-07-26 19:14:28,858 [INFO] Epoch 1/50 | Train Loss 0.9154 | Train Acc 0.5245 | Val Acc 0.5435 (150/276)
2025-07-26 19:14:53,933 [INFO] Epoch 2/50 | Train Loss 0.7608 | Train Acc 0.5432 | Val Acc 0.6123 (169/276)
2025-07-26 19:15:19,374 [INFO] Epoch 3/50 | Train Loss 0.6964 | Train Acc 0.5926 | Val Acc 0.5471 (151/276)
2025-07-26 19:15:44,479 [INFO] Epoch 4/50 | Train Loss 0.6946 | Train Acc 0.6176 | Val Acc 0.6594 (182/276)
2025-07-26 19:16:08,420 [INFO] Epoch 5/50 | Train Loss 0.6840 | Train Acc 0.6279 | Val Acc 0.6304 (174/276)
2025-07-26 19:16:33,500 [INFO] Epoch 6/50 | Train Loss 0.6415 | Train Acc 0.6750 | Val Acc 0.6630 (183/276)
2025-07-26 19:16:58,089 [INFO] Epoch 7/50 | Train Loss 0.6312 | Train Acc 0.6713 | Val Acc 0.6051 (167/276)
2025-07-26 19:17:22,651 [INFO] Epoch 8/50 | Train Loss 0.6094 | Train Acc 0.7011 | Val Acc 0.6739 (186/276)
2025-07-26 19:17:47,484 [INFO] Epoch 9/50 | Train Loss 0.6262 | Train Acc 0.6768 | Val Acc 0.6341 (175/276)
2025-07-26 19:18:13,330 [INFO] Epoch 10/50 | Train Loss 0.6149 | Train Acc 0.7030 | Val Acc 0.7138 (197/276)
2025-07-26 19:18:38,565 [INFO] Epoch 11/50 | Train Loss 0.5980 | Train Acc 0.7229 | Val Acc 0.7500 (207/276)
2025-07-26 19:19:04,018 [INFO] Epoch 12/50 | Train Loss 0.5842 | Train Acc 0.7306 | Val Acc 0.6993 (193/276)
2025-07-26 19:19:29,064 [INFO] Epoch 13/50 | Train Loss 0.5534 | Train Acc 0.7563 | Val Acc 0.7355 (203/276)
2025-07-26 19:19:54,246 [INFO] Epoch 14/50 | Train Loss 0.5379 | Train Acc 0.7637 | Val Acc 0.7246 (200/276)
2025-07-26 19:20:19,706 [INFO] Epoch 15/50 | Train Loss 0.5514 | Train Acc 0.7578 | Val Acc 0.7174 (198/276)
2025-07-26 19:20:44,915 [INFO] Epoch 16/50 | Train Loss 0.5597 | Train Acc 0.7442 | Val Acc 0.7101 (196/276)
2025-07-26 19:21:10,181 [INFO] Epoch 17/50 | Train Loss 0.5391 | Train Acc 0.7622 | Val Acc 0.7246 (200/276)
2025-07-26 19:21:35,534 [INFO] Epoch 18/50 | Train Loss 0.5478 | Train Acc 0.7597 | Val Acc 0.7355 (203/276)
2025-07-26 19:22:00,859 [INFO] Epoch 19/50 | Train Loss 0.5377 | Train Acc 0.7718 | Val Acc 0.7029 (194/276)
2025-07-26 19:22:26,337 [INFO] Epoch 20/50 | Train Loss 0.5183 | Train Acc 0.7909 | Val Acc 0.7210 (199/276)
2025-07-26 19:22:52,150 [INFO] Epoch 21/50 | Train Loss 0.5219 | Train Acc 0.7825 | Val Acc 0.7355 (203/276)
2025-07-26 19:23:17,707 [INFO] Epoch 22/50 | Train Loss 0.4877 | Train Acc 0.8252 | Val Acc 0.7391 (204/276)
2025-07-26 19:23:42,989 [INFO] Epoch 23/50 | Train Loss 0.4846 | Train Acc 0.8108 | Val Acc 0.7500 (207/276)
2025-07-26 19:24:08,056 [INFO] Epoch 24/50 | Train Loss 0.4571 | Train Acc 0.8333 | Val Acc 0.7391 (204/276)
2025-07-26 19:24:33,289 [INFO] Epoch 25/50 | Train Loss 0.4345 | Train Acc 0.8535 | Val Acc 0.7174 (198/276)
2025-07-26 19:24:58,352 [INFO] Epoch 26/50 | Train Loss 0.4441 | Train Acc 0.8502 | Val Acc 0.7101 (196/276)
2025-07-26 19:25:23,284 [INFO] Epoch 27/50 | Train Loss 0.4182 | Train Acc 0.8693 | Val Acc 0.6449 (178/276)
2025-07-26 19:25:48,220 [INFO] Epoch 28/50 | Train Loss 0.3941 | Train Acc 0.8782 | Val Acc 0.7210 (199/276)
2025-07-26 19:26:13,624 [INFO] Epoch 29/50 | Train Loss 0.3929 | Train Acc 0.8826 | Val Acc 0.7210 (199/276)
2025-07-26 19:26:38,539 [INFO] Epoch 30/50 | Train Loss 0.3866 | Train Acc 0.8808 | Val Acc 0.7174 (198/276)
2025-07-26 19:27:03,629 [INFO] Epoch 31/50 | Train Loss 0.3463 | Train Acc 0.9150 | Val Acc 0.7283 (201/276)
2025-07-26 19:27:03,649 [INFO] Early stopping triggered at epoch 31 (no val improvement for 20 epochs)
2025-07-26 19:27:03,649 [INFO] Training finished in 0h 13m 1s
