2025-07-26 17:15:20,106 [INFO] Pre-loading 2717 segments into memory …
2025-07-26 17:18:26,453 [INFO] Done pre-loading dataset into RAM.
2025-07-26 17:18:26,459 [INFO] Pre-loading 276 segments into memory …
2025-07-26 17:18:45,530 [INFO] Done pre-loading dataset into RAM.
2025-07-26 17:18:46,112 [INFO] Parameters initialised.
2025-07-26 17:19:12,404 [INFO] Epoch 1/15 | Loss 0.8364 | Accuracy 0.6449 (178/276)
2025-07-26 17:19:35,360 [INFO] Epoch 2/15 | Loss 0.6639 | Accuracy 0.6486 (179/276)
2025-07-26 17:19:57,947 [INFO] Epoch 3/15 | Loss 0.6212 | Accuracy 0.6993 (193/276)
2025-07-26 17:20:20,553 [INFO] Epoch 4/15 | Loss 0.5866 | Accuracy 0.6232 (172/276)
2025-07-26 17:20:43,788 [INFO] Epoch 5/15 | Loss 0.5329 | Accuracy 0.6522 (180/276)
2025-07-26 17:21:06,838 [INFO] Epoch 6/15 | Loss 0.4866 | Accuracy 0.6920 (191/276)
2025-07-26 17:21:29,939 [INFO] Epoch 7/15 | Loss 0.3878 | Accuracy 0.6196 (171/276)
2025-07-26 17:21:53,584 [INFO] Epoch 8/15 | Loss 0.3663 | Accuracy 0.6848 (189/276)
2025-07-26 17:22:16,208 [INFO] Epoch 9/15 | Loss 0.3135 | Accuracy 0.6558 (181/276)
2025-07-26 17:22:38,916 [INFO] Epoch 10/15 | Loss 0.2606 | Accuracy 0.6812 (188/276)
2025-07-26 17:23:01,513 [INFO] Epoch 11/15 | Loss 0.2273 | Accuracy 0.6304 (174/276)
2025-07-26 17:23:24,451 [INFO] Epoch 12/15 | Loss 0.2145 | Accuracy 0.6449 (178/276)
2025-07-26 17:23:47,786 [INFO] Epoch 13/15 | Loss 0.2088 | Accuracy 0.6703 (185/276)
2025-07-26 17:24:10,262 [INFO] Epoch 14/15 | Loss 0.2064 | Accuracy 0.6703 (185/276)
2025-07-26 17:24:33,285 [INFO] Epoch 15/15 | Loss 0.2056 | Accuracy 0.6630 (183/276)
2025-07-26 17:24:33,303 [INFO] Training finished in 0h 5m 44s
