2025-07-26 17:54:07,632 [INFO] Pre-loading 2717 segments into memory …
2025-07-26 17:54:42,154 [INFO] Done pre-loading dataset into RAM.
2025-07-26 17:54:42,161 [INFO] Pre-loading 276 segments into memory …
2025-07-26 17:54:45,641 [INFO] Done pre-loading dataset into RAM.
2025-07-26 17:54:45,742 [INFO] Parameters initialised.
2025-07-26 17:54:57,498 [INFO] Epoch 1/15 | Train Loss 0.9332 | Train Acc 0.4950 | Val Acc 0.5580 (154/276)
2025-07-26 17:55:06,628 [INFO] Epoch 2/15 | Train Loss 0.7709 | Train Acc 0.5580 | Val Acc 0.4674 (129/276)
2025-07-26 17:55:15,450 [INFO] Epoch 3/15 | Train Loss 0.7253 | Train Acc 0.5771 | Val Acc 0.6196 (171/276)
2025-07-26 17:55:24,375 [INFO] Epoch 4/15 | Train Loss 0.6742 | Train Acc 0.6360 | Val Acc 0.6594 (182/276)
2025-07-26 17:55:33,443 [INFO] Epoch 5/15 | Train Loss 0.6342 | Train Acc 0.6713 | Val Acc 0.6812 (188/276)
2025-07-26 17:55:42,049 [INFO] Epoch 6/15 | Train Loss 0.5966 | Train Acc 0.7107 | Val Acc 0.6630 (183/276)
2025-07-26 17:55:50,851 [INFO] Epoch 7/15 | Train Loss 0.5626 | Train Acc 0.7453 | Val Acc 0.7029 (194/276)
2025-07-26 17:56:00,035 [INFO] Epoch 8/15 | Train Loss 0.5456 | Train Acc 0.7604 | Val Acc 0.7174 (198/276)
2025-07-26 17:56:08,866 [INFO] Epoch 9/15 | Train Loss 0.5107 | Train Acc 0.7817 | Val Acc 0.7174 (198/276)
2025-07-26 17:56:17,808 [INFO] Epoch 10/15 | Train Loss 0.4988 | Train Acc 0.8064 | Val Acc 0.6920 (191/276)
2025-07-26 17:56:27,369 [INFO] Epoch 11/15 | Train Loss 0.4716 | Train Acc 0.8127 | Val Acc 0.6920 (191/276)
2025-07-26 17:56:36,152 [INFO] Epoch 12/15 | Train Loss 0.4450 | Train Acc 0.8351 | Val Acc 0.6993 (193/276)
2025-07-26 17:56:45,039 [INFO] Epoch 13/15 | Train Loss 0.4312 | Train Acc 0.8454 | Val Acc 0.7065 (195/276)
2025-07-26 17:56:53,990 [INFO] Epoch 14/15 | Train Loss 0.4143 | Train Acc 0.8587 | Val Acc 0.6957 (192/276)
2025-07-26 17:57:03,214 [INFO] Epoch 15/15 | Train Loss 0.4152 | Train Acc 0.8671 | Val Acc 0.6957 (192/276)
2025-07-26 17:57:03,233 [INFO] Training finished in 0h 2m 15s
