2025-07-26 16:46:36,425 [INFO] Pre-loading 2717 segments into memory …
2025-07-26 16:47:07,309 [INFO] Done pre-loading dataset into RAM.
2025-07-26 16:47:07,315 [INFO] Pre-loading 276 segments into memory …
2025-07-26 16:47:10,760 [INFO] Done pre-loading dataset into RAM.
2025-07-26 16:47:11,338 [INFO] Parameters initialised.
2025-07-26 16:47:37,453 [INFO] Epoch 1/15 | Loss 0.8957 | Accuracy 0.5217 (144/276)
2025-07-26 16:47:37,479 [INFO] New best accuracy 0.5217 (no weights saved)
2025-07-26 16:48:01,018 [INFO] Epoch 2/15 | Loss 0.6731 | Accuracy 0.5036 (139/276)
2025-07-26 16:48:24,212 [INFO] Epoch 3/15 | Loss 0.6414 | Accuracy 0.6304 (174/276)
2025-07-26 16:48:24,229 [INFO] New best accuracy 0.6304 (no weights saved)
2025-07-26 16:48:47,993 [INFO] Epoch 4/15 | Loss 0.5884 | Accuracy 0.6594 (182/276)
2025-07-26 16:48:48,011 [INFO] New best accuracy 0.6594 (no weights saved)
2025-07-26 16:49:11,993 [INFO] Epoch 5/15 | Loss 0.5426 | Accuracy 0.6087 (168/276)
2025-07-26 16:49:35,514 [INFO] Epoch 6/15 | Loss 0.4963 | Accuracy 0.6413 (177/276)
2025-07-26 16:49:59,579 [INFO] Epoch 7/15 | Loss 0.4680 | Accuracy 0.6884 (190/276)
2025-07-26 16:49:59,598 [INFO] New best accuracy 0.6884 (no weights saved)
2025-07-26 16:50:22,963 [INFO] Epoch 8/15 | Loss 0.3759 | Accuracy 0.5833 (161/276)
2025-07-26 16:50:46,603 [INFO] Epoch 9/15 | Loss 0.3175 | Accuracy 0.6812 (188/276)
2025-07-26 16:51:09,618 [INFO] Epoch 10/15 | Loss 0.2505 | Accuracy 0.6486 (179/276)
2025-07-26 16:51:32,550 [INFO] Epoch 11/15 | Loss 0.2238 | Accuracy 0.6630 (183/276)
2025-07-26 16:51:56,152 [INFO] Epoch 12/15 | Loss 0.2125 | Accuracy 0.6739 (186/276)
2025-07-26 16:52:19,055 [INFO] Epoch 13/15 | Loss 0.2083 | Accuracy 0.6703 (185/276)
2025-07-26 16:52:42,142 [INFO] Epoch 14/15 | Loss 0.2060 | Accuracy 0.6775 (187/276)
2025-07-26 16:53:05,661 [INFO] Epoch 15/15 | Loss 0.2051 | Accuracy 0.6775 (187/276)
2025-07-26 16:53:05,679 [INFO] Training finished in 0h 5m 52s
