INFO:train_tuh:Loading TUH EEG dataset ...
INFO:train_tuh:Computing channel-wise mean/std … this runs once and may take a minute …
INFO:train_tuh: → mean: ['1.161e-07', '1.220e-07', '1.155e-07', '1.008e-07', '1.135e-07', '1.101e-07', '1.049e-07', '1.200e-07', '1.307e-07', '1.332e-07', '8.641e-08', '1.317e-07', '1.415e-07', '1.359e-07', '1.184e-07', '1.222e-07', '8.512e-08', '8.688e-08', '1.190e-07']
INFO:train_tuh: → std : ['1.113e-03', '1.113e-03', '1.113e-03', '1.114e-03', '1.113e-03', '1.112e-03', '1.114e-03', '1.112e-03', '1.113e-03', '1.113e-03', '1.114e-03', '1.114e-03', '1.113e-03', '1.114e-03', '1.113e-03', '1.113e-03', '1.114e-03', '1.114e-03', '1.113e-03']
INFO:train_tuh:Epoch 1/30 – train_acc: 0.5053 – val_acc: 0.5435 – lr: 2.99e-04
INFO:train_tuh:New best model saved with val_acc=0.5435
INFO:train_tuh:Epoch 2/30 – train_acc: 0.5524 – val_acc: 0.5254 – lr: 2.97e-04
INFO:train_tuh:Epoch 3/30 – train_acc: 0.6106 – val_acc: 0.6304 – lr: 2.93e-04
INFO:train_tuh:New best model saved with val_acc=0.6304
INFO:train_tuh:Epoch 4/30 – train_acc: 0.6872 – val_acc: 0.7210 – lr: 2.87e-04
INFO:train_tuh:New best model saved with val_acc=0.7210
INFO:train_tuh:Epoch 5/30 – train_acc: 0.7195 – val_acc: 0.7536 – lr: 2.80e-04
INFO:train_tuh:New best model saved with val_acc=0.7536
INFO:train_tuh:Epoch 6/30 – train_acc: 0.7129 – val_acc: 0.6775 – lr: 2.71e-04
INFO:train_tuh:Epoch 7/30 – train_acc: 0.7365 – val_acc: 0.7355 – lr: 2.62e-04
INFO:train_tuh:Epoch 8/30 – train_acc: 0.7490 – val_acc: 0.7101 – lr: 2.51e-04
INFO:train_tuh:Epoch 9/30 – train_acc: 0.7806 – val_acc: 0.7246 – lr: 2.38e-04
INFO:train_tuh:Epoch 10/30 – train_acc: 0.8001 – val_acc: 0.7536 – lr: 2.25e-04
INFO:train_tuh:Epoch 11/30 – train_acc: 0.8064 – val_acc: 0.6377 – lr: 2.11e-04
INFO:train_tuh:Epoch 12/30 – train_acc: 0.7939 – val_acc: 0.7572 – lr: 1.97e-04
INFO:train_tuh:New best model saved with val_acc=0.7572
INFO:train_tuh:Epoch 13/30 – train_acc: 0.8498 – val_acc: 0.7355 – lr: 1.82e-04
INFO:train_tuh:Epoch 14/30 – train_acc: 0.8704 – val_acc: 0.7246 – lr: 1.66e-04
INFO:train_tuh:Epoch 15/30 – train_acc: 0.8925 – val_acc: 0.7464 – lr: 1.51e-04
INFO:train_tuh:Epoch 16/30 – train_acc: 0.9076 – val_acc: 0.7391 – lr: 1.35e-04
INFO:train_tuh:Epoch 17/30 – train_acc: 0.9165 – val_acc: 0.7536 – lr: 1.19e-04
INFO:train_tuh:Epoch 18/30 – train_acc: 0.9444 – val_acc: 0.7826 – lr: 1.04e-04
INFO:train_tuh:New best model saved with val_acc=0.7826
INFO:train_tuh:Epoch 19/30 – train_acc: 0.9599 – val_acc: 0.7391 – lr: 8.97e-05
INFO:train_tuh:Epoch 20/30 – train_acc: 0.9717 – val_acc: 0.7355 – lr: 7.58e-05
INFO:train_tuh:Epoch 21/30 – train_acc: 0.9831 – val_acc: 0.7536 – lr: 6.26e-05
INFO:train_tuh:Epoch 22/30 – train_acc: 0.9945 – val_acc: 0.7609 – lr: 5.05e-05
INFO:train_tuh:Epoch 23/30 – train_acc: 0.9982 – val_acc: 0.7536 – lr: 3.94e-05
INFO:train_tuh:Epoch 24/30 – train_acc: 0.9993 – val_acc: 0.7500 – lr: 2.96e-05
INFO:train_tuh:Epoch 25/30 – train_acc: 0.9993 – val_acc: 0.7572 – lr: 2.10e-05
INFO:train_tuh:Epoch 26/30 – train_acc: 1.0000 – val_acc: 0.7500 – lr: 1.39e-05
INFO:train_tuh:Epoch 27/30 – train_acc: 1.0000 – val_acc: 0.7464 – lr: 8.32e-06
INFO:train_tuh:Epoch 28/30 – train_acc: 1.0000 – val_acc: 0.7464 – lr: 4.27e-06
INFO:train_tuh:Early stopping after 28 epochs – no improvement for 10 epochs.
